<?xml version="1.0" encoding="UTF-8"?>
<!-- Generated by org.testng.reporters.JUnitXMLReporter -->
<testsuite ignored="0" hostname="Prabhu" failures="0" tests="3" name="Default test" time="1.046" errors="0" timestamp="2023-08-31T12:29:01 IST">
  <testcase classname="edu.relativeLocators.Screenshot.Test01" name="launchBrowser" time="0.646"/>
  <testcase classname="edu.relativeLocators.Screenshot.Test01" name="validate_TakeScreenshot" time="0.307"/>
  <testcase classname="edu.relativeLocators.Screenshot.Test01" name="closeDriver" time="0.071"/>
</testsuite> <!-- Default test -->
