<?xml version="1.0" encoding="UTF-8"?>
<testng-results ignored="0" total="3" passed="3" failed="0" skipped="0">
  <reporter-output>
  </reporter-output>
  <suite started-at="2023-08-31T12:00:46 IST" name="Default suite" finished-at="2023-08-31T12:00:50 IST" duration-ms="3742">
    <groups>
    </groups>
    <test started-at="2023-08-31T12:00:46 IST" name="Default test" finished-at="2023-08-31T12:00:50 IST" duration-ms="3742">
      <class name="edu.relativeLocators.Screenshot.Test01">
        <test-method signature="launchBrowser()[pri:0, instance:edu.relativeLocators.Screenshot.Test01@62e6a3ec]" started-at="2023-08-31T12:00:46 IST" name="launchBrowser" finished-at="2023-08-31T12:00:49 IST" duration-ms="3341" status="PASS">
          <reporter-output>
          </reporter-output>
        </test-method> <!-- launchBrowser -->
        <test-method signature="validate_TakeScreenshot()[pri:0, instance:edu.relativeLocators.Screenshot.Test01@62e6a3ec]" started-at="2023-08-31T12:00:49 IST" name="validate_TakeScreenshot" finished-at="2023-08-31T12:00:50 IST" depends-on-methods="edu.relativeLocators.Screenshot.Test01.launchBrowser" duration-ms="318" status="PASS">
          <reporter-output>
          </reporter-output>
        </test-method> <!-- validate_TakeScreenshot -->
        <test-method signature="closeDriver()[pri:0, instance:edu.relativeLocators.Screenshot.Test01@62e6a3ec]" started-at="2023-08-31T12:00:50 IST" name="closeDriver" finished-at="2023-08-31T12:00:50 IST" depends-on-methods="edu.relativeLocators.Screenshot.Test01.validate_TakeScreenshot" duration-ms="65" status="PASS">
          <reporter-output>
          </reporter-output>
        </test-method> <!-- closeDriver -->
      </class> <!-- edu.relativeLocators.Screenshot.Test01 -->
    </test> <!-- Default test -->
  </suite> <!-- Default suite -->
</testng-results>
